[2015-10-16 08:37:22.506] [INFO] dateFileLog - m_sys_list=>>>>>>global.sys_list: error ,,,,,,,,,,,,,,,,,,,,,,,,,,,,,,,,,,,,,,,,,,,,,,,,,,,,,,,,,,,,,,,,,,,,,,,,,,,,,,,,,,,,,,,,,,,,,,,,,,,,体检系统,,,,,,,,,,检验科,血常规,尿常规,,,,,,,,前台,签到,增项
[2015-10-16 09:25:11.811] [INFO] dateFileLog - m_sys_list=>>>>>>global.sys_list: error ,,,,,,,,,,,,,,,,,,,,,,,,,,,,,,,,,,,,,,,,,,,,,,,,,,,,,,,,,,,,,,,,,,,,,,,,,,,,,,,,,,,,,,,,,,,,,,,,,,,,体检系统,,,,,,,,,,检验科,血常规,尿常规,,,,,,,,前台,签到,增项
[2015-10-16 09:39:38.889] [INFO] dateFileLog - m_sys_list=>>>>>>global.sys_list: error ,,,,,,,,,,,,,,,,,,,,,,,,,,,,,,,,,,,,,,,,,,,,,,,,,,,,,,,,,,,,,,,,,,,,,,,,,,,,,,,,,,,,,,,,,,,,,,,,,,,,体检系统,,,,,,,,,,检验科,血常规,尿常规,,,,,,,,前台,签到,增项
[2015-10-16 09:44:18.839] [INFO] dateFileLog - m_sys_list=>>>>>>global.sys_list: error ,,,,,,,,,,,,,,,,,,,,,,,,,,,,,,,,,,,,,,,,,,,,,,,,,,,,,,,,,,,,,,,,,,,,,,,,,,,,,,,,,,,,,,,,,,,,,,,,,,,,体检系统,,,,,,,,,,检验科,血常规,尿常规,,,,,,,,前台,签到,增项
[2015-10-16 09:44:43.256] [INFO] dateFileLog - m_sys_list=>>>>>>global.sys_list: error ,,,,,,,,,,,,,,,,,,,,,,,,,,,,,,,,,,,,,,,,,,,,,,,,,,,,,,,,,,,,,,,,,,,,,,,,,,,,,,,,,,,,,,,,,,,,,,,,,,,,体检系统,,,,,,,,,,检验科,血常规,尿常规,,,,,,,,前台,签到,增项
[2015-10-16 09:47:11.399] [INFO] dateFileLog - m_sys_list=>>>>>>global.sys_list: error ,,,,,,,,,,,,,,,,,,,,,,,,,,,,,,,,,,,,,,,,,,,,,,,,,,,,,,,,,,,,,,,,,,,,,,,,,,,,,,,,,,,,,,,,,,,,,,,,,,,,体检系统,,,,,,,,,,检验科,血常规,尿常规,,,,,,,,前台,签到,增项
[2015-10-16 09:47:56.695] [INFO] dateFileLog - m_sys_list=>>>>>>global.sys_list: error ,,,,,,,,,,,,,,,,,,,,,,,,,,,,,,,,,,,,,,,,,,,,,,,,,,,,,,,,,,,,,,,,,,,,,,,,,,,,,,,,,,,,,,,,,,,,,,,,,,,,体检系统,,,,,,,,,,检验科,血常规,尿常规,,,,,,,,前台,签到,增项
[2015-10-16 09:48:28.580] [INFO] dateFileLog - m_sys_list=>>>>>>global.sys_list: error ,,,,,,,,,,,,,,,,,,,,,,,,,,,,,,,,,,,,,,,,,,,,,,,,,,,,,,,,,,,,,,,,,,,,,,,,,,,,,,,,,,,,,,,,,,,,,,,,,,,,体检系统,,,,,,,,,,检验科,血常规,尿常规,,,,,,,,前台,签到,增项
[2015-10-16 09:48:49.356] [INFO] dateFileLog - m_sys_list=>>>>>>global.sys_list: error ,,,,,,,,,,,,,,,,,,,,,,,,,,,,,,,,,,,,,,,,,,,,,,,,,,,,,,,,,,,,,,,,,,,,,,,,,,,,,,,,,,,,,,,,,,,,,,,,,,,,体检系统,,,,,,,,,,检验科,血常规,尿常规,,,,,,,,前台,签到,增项
[2015-10-16 09:50:20.569] [INFO] dateFileLog - m_sys_list=>>>>>>global.sys_list: error ,,,,,,,,,,,,,,,,,,,,,,,,,,,,,,,,,,,,,,,,,,,,,,,,,,,,,,,,,,,,,,,,,,,,,,,,,,,,,,,,,,,,,,,,,,,,,,,,,,,,体检系统,,,,,,,,,,检验科,血常规,尿常规,,,,,,,,前台,签到,增项
[2015-10-16 09:53:38.072] [INFO] dateFileLog - m_sys_list=>>>>>>global.sys_list: error ,,,,,,,,,,,,,,,,,,,,,,,,,,,,,,,,,,,,,,,,,,,,,,,,,,,,,,,,,,,,,,,,,,,,,,,,,,,,,,,,,,,,,,,,,,,,,,,,,,,,体检系统,,,,,,,,,,检验科,血常规,尿常规,,,,,,,,前台,签到,增项
[2015-10-16 09:54:54.400] [INFO] dateFileLog - m_sys_list=>>>>>>global.sys_list: error ,,,,,,,,,,,,,,,,,,,,,,,,,,,,,,,,,,,,,,,,,,,,,,,,,,,,,,,,,,,,,,,,,,,,,,,,,,,,,,,,,,,,,,,,,,,,,,,,,,,,体检系统,,,,,,,,,,检验科,血常规,尿常规,,,,,,,,前台,签到,增项
[2015-10-16 09:56:29.620] [INFO] dateFileLog - m_sys_list=>>>>>>global.sys_list: error ,,,,,,,,,,,,,,,,,,,,,,,,,,,,,,,,,,,,,,,,,,,,,,,,,,,,,,,,,,,,,,,,,,,,,,,,,,,,,,,,,,,,,,,,,,,,,,,,,,,,体检系统,,,,,,,,,,检验科,血常规,尿常规,,,,,,,,前台,签到,增项
[2015-10-16 09:59:13.703] [INFO] dateFileLog - m_sys_list=>>>>>>global.sys_list: error ,,,,,,,,,,,,,,,,,,,,,,,,,,,,,,,,,,,,,,,,,,,,,,,,,,,,,,,,,,,,,,,,,,,,,,,,,,,,,,,,,,,,,,,,,,,,,,,,,,,,体检系统,,,,,,,,,,检验科,血常规,尿常规,,,,,,,,前台,签到,增项
[2015-10-16 10:01:51.713] [INFO] dateFileLog - m_sys_list=>>>>>>global.sys_list: error ,,,,,,,,,,,,,,,,,,,,,,,,,,,,,,,,,,,,,,,,,,,,,,,,,,,,,,,,,,,,,,,,,,,,,,,,,,,,,,,,,,,,,,,,,,,,,,,,,,,,体检系统,,,,,,,,,,检验科,血常规,尿常规,,,,,,,,前台,签到,增项
[2015-10-16 10:02:22.061] [INFO] dateFileLog - m_sys_list=>>>>>>global.sys_list: error ,,,,,,,,,,,,,,,,,,,,,,,,,,,,,,,,,,,,,,,,,,,,,,,,,,,,,,,,,,,,,,,,,,,,,,,,,,,,,,,,,,,,,,,,,,,,,,,,,,,,体检系统,,,,,,,,,,检验科,血常规,尿常规,,,,,,,,前台,签到,增项
[2015-10-16 10:04:41.836] [INFO] dateFileLog - m_sys_list=>>>>>>global.sys_list: error ,,,,,,,,,,,,,,,,,,,,,,,,,,,,,,,,,,,,,,,,,,,,,,,,,,,,,,,,,,,,,,,,,,,,,,,,,,,,,,,,,,,,,,,,,,,,,,,,,,,,体检系统,,,,,,,,,,检验科,血常规,尿常规,,,,,,,,前台,签到,增项
[2015-10-16 10:04:55.474] [INFO] dateFileLog - m_sys_list=>>>>>>global.sys_list: error ,,,,,,,,,,,,,,,,,,,,,,,,,,,,,,,,,,,,,,,,,,,,,,,,,,,,,,,,,,,,,,,,,,,,,,,,,,,,,,,,,,,,,,,,,,,,,,,,,,,,体检系统,,,,,,,,,,检验科,血常规,尿常规,,,,,,,,前台,签到,增项
[2015-10-16 10:05:29.781] [INFO] dateFileLog - m_sys_list=>>>>>>global.sys_list: error ,,,,,,,,,,,,,,,,,,,,,,,,,,,,,,,,,,,,,,,,,,,,,,,,,,,,,,,,,,,,,,,,,,,,,,,,,,,,,,,,,,,,,,,,,,,,,,,,,,,,体检系统,,,,,,,,,,检验科,血常规,尿常规,,,,,,,,前台,签到,增项
[2015-10-16 10:15:08.989] [INFO] dateFileLog - m_sys_list=>>>>>>global.sys_list: error ,,,,,,,,,,,,,,,,,,,,,,,,,,,,,,,,,,,,,,,,,,,,,,,,,,,,,,,,,,,,,,,,,,,,,,,,,,,,,,,,,,,,,,,,,,,,,,,,,,,,体检系统,,,,,,,,,,检验科,血常规,尿常规,,,,,,,,前台,签到,增项
[2015-10-16 10:17:23.107] [INFO] dateFileLog - m_sys_list=>>>>>>global.sys_list: error ,,,,,,,,,,,,,,,,,,,,,,,,,,,,,,,,,,,,,,,,,,,,,,,,,,,,,,,,,,,,,,,,,,,,,,,,,,,,,,,,,,,,,,,,,,,,,,,,,,,,体检系统,,,,,,,,,,检验科,血常规,尿常规,,,,,,,,前台,签到,增项
[2015-10-16 10:21:44.586] [INFO] dateFileLog - m_sys_list=>>>>>>global.sys_list: error ,,,,,,,,,,,,,,,,,,,,,,,,,,,,,,,,,,,,,,,,,,,,,,,,,,,,,,,,,,,,,,,,,,,,,,,,,,,,,,,,,,,,,,,,,,,,,,,,,,,,体检系统,,,,,,,,,,检验科,血常规,尿常规,,,,,,,,前台,签到,增项
[2015-10-16 10:22:44.143] [INFO] dateFileLog - m_sys_list=>>>>>>global.sys_list: error ,,,,,,,,,,,,,,,,,,,,,,,,,,,,,,,,,,,,,,,,,,,,,,,,,,,,,,,,,,,,,,,,,,,,,,,,,,,,,,,,,,,,,,,,,,,,,,,,,,,,体检系统,,,,,,,,,,检验科,血常规,尿常规,,,,,,,,前台,签到,增项
[2015-10-16 10:24:23.285] [INFO] dateFileLog - m_sys_list=>>>>>>global.sys_list: error ,,,,,,,,,,,,,,,,,,,,,,,,,,,,,,,,,,,,,,,,,,,,,,,,,,,,,,,,,,,,,,,,,,,,,,,,,,,,,,,,,,,,,,,,,,,,,,,,,,,,体检系统,,,,,,,,,,检验科,血常规,尿常规,,,,,,,,前台,签到,增项
[2015-10-16 10:27:06.648] [INFO] dateFileLog - m_sys_list=>>>>>>global.sys_list: error ,,,,,,,,,,,,,,,,,,,,,,,,,,,,,,,,,,,,,,,,,,,,,,,,,,,,,,,,,,,,,,,,,,,,,,,,,,,,,,,,,,,,,,,,,,,,,,,,,,,,体检系统,,,,,,,,,,检验科,血常规,尿常规,,,,,,,,前台,签到,增项
[2015-10-16 11:17:09.548] [INFO] dateFileLog - m_sys_list=>>>>>>global.sys_list: error ,,,,,,,,,,,,,,,,,,,,,,,,,,,,,,,,,,,,,,,,,,,,,,,,,,,,,,,,,,,,,,,,,,,,,,,,,,,,,,,,,,,,,,,,,,,,,,,,,,,,体检系统,,,,,,,,,,检验科,血常规,尿常规,,,,,,,,前台,签到,增项
[2015-10-16 11:24:35.151] [INFO] dateFileLog - m_sys_list=>>>>>>global.sys_list: error ,,,,,,,,,,,,,,,,,,,,,,,,,,,,,,,,,,,,,,,,,,,,,,,,,,,,,,,,,,,,,,,,,,,,,,,,,,,,,,,,,,,,,,,,,,,,,,,,,,,,体检系统,,,,,,,,,,检验科,血常规,尿常规,,,,,,,,前台,签到,增项
[2015-10-16 11:27:26.873] [INFO] dateFileLog - m_sys_list=>>>>>>global.sys_list: error ,,,,,,,,,,,,,,,,,,,,,,,,,,,,,,,,,,,,,,,,,,,,,,,,,,,,,,,,,,,,,,,,,,,,,,,,,,,,,,,,,,,,,,,,,,,,,,,,,,,,体检系统,,,,,,,,,,检验科,血常规,尿常规,,,,,,,,前台,签到,增项
[2015-10-16 11:28:52.112] [INFO] dateFileLog - m_sys_list=>>>>>>global.sys_list: error ,,,,,,,,,,,,,,,,,,,,,,,,,,,,,,,,,,,,,,,,,,,,,,,,,,,,,,,,,,,,,,,,,,,,,,,,,,,,,,,,,,,,,,,,,,,,,,,,,,,,体检系统,,,,,,,,,,检验科,血常规,尿常规,,,,,,,,前台,签到,增项
[2015-10-16 11:29:31.571] [INFO] dateFileLog - m_sys_list=>>>>>>global.sys_list: error ,,,,,,,,,,,,,,,,,,,,,,,,,,,,,,,,,,,,,,,,,,,,,,,,,,,,,,,,,,,,,,,,,,,,,,,,,,,,,,,,,,,,,,,,,,,,,,,,,,,,体检系统,,,,,,,,,,检验科,血常规,尿常规,,,,,,,,前台,签到,增项
[2015-10-16 11:31:21.170] [INFO] dateFileLog - m_sys_list=>>>>>>global.sys_list: error ,,,,,,,,,,,,,,,,,,,,,,,,,,,,,,,,,,,,,,,,,,,,,,,,,,,,,,,,,,,,,,,,,,,,,,,,,,,,,,,,,,,,,,,,,,,,,,,,,,,,体检系统,,,,,,,,,,检验科,血常规,尿常规,,,,,,,,前台,签到,增项
[2015-10-16 11:39:50.976] [INFO] dateFileLog - m_sys_list=>>>>>>global.sys_list: error ,,,,,,,,,,,,,,,,,,,,,,,,,,,,,,,,,,,,,,,,,,,,,,,,,,,,,,,,,,,,,,,,,,,,,,,,,,,,,,,,,,,,,,,,,,,,,,,,,,,,体检系统,,,,,,,,,,检验科,血常规,尿常规,,,,,,,,前台,签到,增项
[2015-10-16 11:41:54.824] [INFO] dateFileLog - m_sys_list=>>>>>>global.sys_list: error ,,,,,,,,,,,,,,,,,,,,,,,,,,,,,,,,,,,,,,,,,,,,,,,,,,,,,,,,,,,,,,,,,,,,,,,,,,,,,,,,,,,,,,,,,,,,,,,,,,,,体检系统,,,,,,,,,,检验科,血常规,尿常规,,,,,,,,前台,签到,增项
[2015-10-16 11:43:36.065] [INFO] dateFileLog - m_sys_list=>>>>>>global.sys_list: error ,,,,,,,,,,,,,,,,,,,,,,,,,,,,,,,,,,,,,,,,,,,,,,,,,,,,,,,,,,,,,,,,,,,,,,,,,,,,,,,,,,,,,,,,,,,,,,,,,,,,体检系统,,,,,,,,,,检验科,血常规,尿常规,,,,,,,,前台,签到,增项
[2015-10-16 11:47:22.551] [INFO] dateFileLog - m_sys_list=>>>>>>global.sys_list: error ,,,,,,,,,,,,,,,,,,,,,,,,,,,,,,,,,,,,,,,,,,,,,,,,,,,,,,,,,,,,,,,,,,,,,,,,,,,,,,,,,,,,,,,,,,,,,,,,,,,,体检系统,,,,,,,,,,检验科,血常规,尿常规,,,,,,,,前台,签到,增项
[2015-10-16 11:49:26.595] [INFO] dateFileLog - m_sys_list=>>>>>>global.sys_list: error ,,,,,,,,,,,,,,,,,,,,,,,,,,,,,,,,,,,,,,,,,,,,,,,,,,,,,,,,,,,,,,,,,,,,,,,,,,,,,,,,,,,,,,,,,,,,,,,,,,,,体检系统,,,,,,,,,,检验科,血常规,尿常规,,,,,,,,前台,签到,增项
[2015-10-16 11:50:59.582] [INFO] dateFileLog - m_sys_list=>>>>>>global.sys_list: error ,,,,,,,,,,,,,,,,,,,,,,,,,,,,,,,,,,,,,,,,,,,,,,,,,,,,,,,,,,,,,,,,,,,,,,,,,,,,,,,,,,,,,,,,,,,,,,,,,,,,体检系统,,,,,,,,,,检验科,血常规,尿常规,,,,,,,,前台,签到,增项
[2015-10-16 11:52:33.407] [INFO] dateFileLog - m_sys_list=>>>>>>global.sys_list: error ,,,,,,,,,,,,,,,,,,,,,,,,,,,,,,,,,,,,,,,,,,,,,,,,,,,,,,,,,,,,,,,,,,,,,,,,,,,,,,,,,,,,,,,,,,,,,,,,,,,,体检系统,,,,,,,,,,检验科,血常规,尿常规,,,,,,,,前台,签到,增项
[2015-10-16 11:55:08.517] [INFO] dateFileLog - m_sys_list=>>>>>>global.sys_list: error ,,,,,,,,,,,,,,,,,,,,,,,,,,,,,,,,,,,,,,,,,,,,,,,,,,,,,,,,,,,,,,,,,,,,,,,,,,,,,,,,,,,,,,,,,,,,,,,,,,,,体检系统,,,,,,,,,,检验科,血常规,尿常规,,,,,,,,前台,签到,增项
[2015-10-16 11:56:22.565] [INFO] dateFileLog - m_sys_list=>>>>>>global.sys_list: error ,,,,,,,,,,,,,,,,,,,,,,,,,,,,,,,,,,,,,,,,,,,,,,,,,,,,,,,,,,,,,,,,,,,,,,,,,,,,,,,,,,,,,,,,,,,,,,,,,,,,体检系统,,,,,,,,,,检验科,血常规,尿常规,,,,,,,,前台,签到,增项
[2015-10-16 11:58:04.277] [INFO] dateFileLog - m_sys_list=>>>>>>global.sys_list: error ,,,,,,,,,,,,,,,,,,,,,,,,,,,,,,,,,,,,,,,,,,,,,,,,,,,,,,,,,,,,,,,,,,,,,,,,,,,,,,,,,,,,,,,,,,,,,,,,,,,,体检系统,,,,,,,,,,检验科,血常规,尿常规,,,,,,,,前台,签到,增项
[2015-10-16 11:59:08.895] [INFO] dateFileLog - m_sys_list=>>>>>>global.sys_list: error ,,,,,,,,,,,,,,,,,,,,,,,,,,,,,,,,,,,,,,,,,,,,,,,,,,,,,,,,,,,,,,,,,,,,,,,,,,,,,,,,,,,,,,,,,,,,,,,,,,,,体检系统,,,,,,,,,,检验科,血常规,尿常规,,,,,,,,前台,签到,增项
[2015-10-16 12:02:34.605] [INFO] dateFileLog - m_sys_list=>>>>>>global.sys_list: error ,,,,,,,,,,,,,,,,,,,,,,,,,,,,,,,,,,,,,,,,,,,,,,,,,,,,,,,,,,,,,,,,,,,,,,,,,,,,,,,,,,,,,,,,,,,,,,,,,,,,体检系统,,,,,,,,,,检验科,血常规,尿常规,,,,,,,,前台,签到,增项
[2015-10-16 12:06:18.116] [INFO] dateFileLog - m_sys_list=>>>>>>global.sys_list: error ,,,,,,,,,,,,,,,,,,,,,,,,,,,,,,,,,,,,,,,,,,,,,,,,,,,,,,,,,,,,,,,,,,,,,,,,,,,,,,,,,,,,,,,,,,,,,,,,,,,,体检系统,,,,,,,,,,检验科,血常规,尿常规,,,,,,,,前台,签到,增项
[2015-10-16 12:08:16.596] [INFO] dateFileLog - m_sys_list=>>>>>>global.sys_list: error ,,,,,,,,,,,,,,,,,,,,,,,,,,,,,,,,,,,,,,,,,,,,,,,,,,,,,,,,,,,,,,,,,,,,,,,,,,,,,,,,,,,,,,,,,,,,,,,,,,,,体检系统,,,,,,,,,,检验科,血常规,尿常规,,,,,,,,前台,签到,增项
[2015-10-16 12:08:44.075] [INFO] dateFileLog - m_sys_list=>>>>>>global.sys_list: error ,,,,,,,,,,,,,,,,,,,,,,,,,,,,,,,,,,,,,,,,,,,,,,,,,,,,,,,,,,,,,,,,,,,,,,,,,,,,,,,,,,,,,,,,,,,,,,,,,,,,体检系统,,,,,,,,,,检验科,血常规,尿常规,,,,,,,,前台,签到,增项
[2015-10-16 12:10:49.266] [INFO] dateFileLog - m_sys_list=>>>>>>global.sys_list: error ,,,,,,,,,,,,,,,,,,,,,,,,,,,,,,,,,,,,,,,,,,,,,,,,,,,,,,,,,,,,,,,,,,,,,,,,,,,,,,,,,,,,,,,,,,,,,,,,,,,,体检系统,,,,,,,,,,检验科,血常规,尿常规,,,,,,,,前台,签到,增项
[2015-10-16 12:42:32.623] [INFO] dateFileLog - m_sys_list=>>>>>>global.sys_list: error ,,,,,,,,,,,,,,,,,,,,,,,,,,,,,,,,,,,,,,,,,,,,,,,,,,,,,,,,,,,,,,,,,,,,,,,,,,,,,,,,,,,,,,,,,,,,,,,,,,,,体检系统,,,,,,,,,,检验科,血常规,尿常规,,,,,,,,前台,签到,增项
[2015-10-16 12:45:45.381] [INFO] dateFileLog - m_sys_list=>>>>>>global.sys_list: error ,,,,,,,,,,,,,,,,,,,,,,,,,,,,,,,,,,,,,,,,,,,,,,,,,,,,,,,,,,,,,,,,,,,,,,,,,,,,,,,,,,,,,,,,,,,,,,,,,,,,体检系统,,,,,,,,,,检验科,血常规,尿常规,,,,,,,,前台,签到,增项
[2015-10-16 12:48:19.568] [INFO] dateFileLog - m_sys_list=>>>>>>global.sys_list: error ,,,,,,,,,,,,,,,,,,,,,,,,,,,,,,,,,,,,,,,,,,,,,,,,,,,,,,,,,,,,,,,,,,,,,,,,,,,,,,,,,,,,,,,,,,,,,,,,,,,,体检系统,,,,,,,,,,检验科,血常规,尿常规,,,,,,,,前台,签到,增项
[2015-10-16 12:53:24.454] [INFO] dateFileLog - m_sys_list=>>>>>>global.sys_list: error ,,,,,,,,,,,,,,,,,,,,,,,,,,,,,,,,,,,,,,,,,,,,,,,,,,,,,,,,,,,,,,,,,,,,,,,,,,,,,,,,,,,,,,,,,,,,,,,,,,,,体检系统,,,,,,,,,,检验科,血常规,尿常规,,,,,,,,前台,签到,增项
[2015-10-16 13:01:12.545] [INFO] dateFileLog - m_sys_list=>>>>>>global.sys_list: error ,,,,,,,,,,,,,,,,,,,,,,,,,,,,,,,,,,,,,,,,,,,,,,,,,,,,,,,,,,,,,,,,,,,,,,,,,,,,,,,,,,,,,,,,,,,,,,,,,,,,体检系统,,,,,,,,,,检验科,血常规,尿常规,,,,,,,,前台,签到,增项
[2015-10-16 13:03:37.644] [INFO] dateFileLog - m_sys_list=>>>>>>global.sys_list: error ,,,,,,,,,,,,,,,,,,,,,,,,,,,,,,,,,,,,,,,,,,,,,,,,,,,,,,,,,,,,,,,,,,,,,,,,,,,,,,,,,,,,,,,,,,,,,,,,,,,,体检系统,,,,,,,,,,检验科,血常规,尿常规,,,,,,,,前台,签到,增项
[2015-10-16 13:14:05.913] [INFO] dateFileLog - m_sys_list=>>>>>>global.sys_list: error ,,,,,,,,,,,,,,,,,,,,,,,,,,,,,,,,,,,,,,,,,,,,,,,,,,,,,,,,,,,,,,,,,,,,,,,,,,,,,,,,,,,,,,,,,,,,,,,,,,,,体检系统,,,,,,,,,,检验科,血常规,尿常规,,,,,,,,前台,签到,增项
[2015-10-16 13:14:59.222] [INFO] dateFileLog - m_sys_list=>>>>>>global.sys_list: error ,,,,,,,,,,,,,,,,,,,,,,,,,,,,,,,,,,,,,,,,,,,,,,,,,,,,,,,,,,,,,,,,,,,,,,,,,,,,,,,,,,,,,,,,,,,,,,,,,,,,体检系统,,,,,,,,,,检验科,血常规,尿常规,,,,,,,,前台,签到,增项
[2015-10-16 13:30:47.893] [INFO] dateFileLog - m_sys_list=>>>>>>global.sys_list: error ,,,,,,,,,,,,,,,,,,,,,,,,,,,,,,,,,,,,,,,,,,,,,,,,,,,,,,,,,,,,,,,,,,,,,,,,,,,,,,,,,,,,,,,,,,,,,,,,,,,,体检系统,,,,,,,,,,检验科,血常规,尿常规,,,,,,,,前台,签到,增项
[2015-10-16 13:31:32.607] [INFO] dateFileLog - m_sys_list=>>>>>>global.sys_list: error ,,,,,,,,,,,,,,,,,,,,,,,,,,,,,,,,,,,,,,,,,,,,,,,,,,,,,,,,,,,,,,,,,,,,,,,,,,,,,,,,,,,,,,,,,,,,,,,,,,,,体检系统,,,,,,,,,,检验科,血常规,尿常规,,,,,,,,前台,签到,增项
[2015-10-16 13:34:32.834] [INFO] dateFileLog - m_sys_list=>>>>>>global.sys_list: error ,,,,,,,,,,,,,,,,,,,,,,,,,,,,,,,,,,,,,,,,,,,,,,,,,,,,,,,,,,,,,,,,,,,,,,,,,,,,,,,,,,,,,,,,,,,,,,,,,,,,体检系统,,,,,,,,,,检验科,血常规,尿常规,,,,,,,,前台,签到,增项
[2015-10-16 13:34:41.199] [INFO] dateFileLog - m_bug------->showBUG======>Error: ER_PARSE_ERROR: You have an error in your SQL syntax; check the manual that corresponds to your MySQL server version for the right syntax to use near '%m-%d %H:%m:%S’) as submit_time; from bug_tracke' at line 1
[2015-10-16 13:36:01.270] [INFO] dateFileLog - m_sys_list=>>>>>>global.sys_list: error ,,,,,,,,,,,,,,,,,,,,,,,,,,,,,,,,,,,,,,,,,,,,,,,,,,,,,,,,,,,,,,,,,,,,,,,,,,,,,,,,,,,,,,,,,,,,,,,,,,,,体检系统,,,,,,,,,,检验科,血常规,尿常规,,,,,,,,前台,签到,增项
[2015-10-16 13:36:08.974] [INFO] dateFileLog - m_bug------->showBUG======>Error: ER_PARSE_ERROR: You have an error in your SQL syntax; check the manual that corresponds to your MySQL server version for the right syntax to use near 'from bug_tracke' at line 1
[2015-10-16 13:36:37.375] [INFO] dateFileLog - m_sys_list=>>>>>>global.sys_list: error ,,,,,,,,,,,,,,,,,,,,,,,,,,,,,,,,,,,,,,,,,,,,,,,,,,,,,,,,,,,,,,,,,,,,,,,,,,,,,,,,,,,,,,,,,,,,,,,,,,,,体检系统,,,,,,,,,,检验科,血常规,尿常规,,,,,,,,前台,签到,增项
[2015-10-16 13:36:44.478] [INFO] dateFileLog - m_bug------->showBUG======>Error: ER_PARSE_ERROR: You have an error in your SQL syntax; check the manual that corresponds to your MySQL server version for the right syntax to use near 'from bug_tracke' at line 1
[2015-10-16 13:38:32.194] [INFO] dateFileLog - m_sys_list=>>>>>>global.sys_list: error ,,,,,,,,,,,,,,,,,,,,,,,,,,,,,,,,,,,,,,,,,,,,,,,,,,,,,,,,,,,,,,,,,,,,,,,,,,,,,,,,,,,,,,,,,,,,,,,,,,,,体检系统,,,,,,,,,,检验科,血常规,尿常规,,,,,,,,前台,签到,增项
[2015-10-16 14:28:47.445] [INFO] dateFileLog - m_sys_list=>>>>>>global.sys_list: error ,,,,,,,,,,,,,,,,,,,,,,,,,,,,,,,,,,,,,,,,,,,,,,,,,,,,,,,,,,,,,,,,,,,,,,,,,,,,,,,,,,,,,,,,,,,,,,,,,,,,体检系统,,,,,,,,,,检验科,血常规,尿常规,,,,,,,,前台,签到,增项
[2015-10-16 15:03:21.785] [INFO] dateFileLog - m_sys_list=>>>>>>global.sys_list: error ,体检系统
[2015-10-16 15:03:21.786] [INFO] dateFileLog - m_sys_list=>>>>>>global.sys_list_dep: error undefined
[2015-10-16 15:05:04.766] [INFO] dateFileLog - m_sys_list=>>>>>>global.sys_list: error undefined
[2015-10-16 15:05:04.767] [INFO] dateFileLog - m_sys_list=>>>>>>global.sys_list: error ,体检系统
[2015-10-16 15:05:04.768] [INFO] dateFileLog - m_sys_list=>>>>>>global.sys_list_dep: error undefined
[2015-10-16 15:06:21.758] [INFO] dateFileLog - m_sys_list=>>>>>>global.sys_list: error ,,,,,,,,,,,,,,,,,,,,,,,,,,,,,,,,,,,,,,,,,,,,,,,,,,,,,,,,,,,,,,,,,,,,,,,,,,,,,,,,,,,,,,,,,,,,,,,,,,,,体检系统,,,,,,,,,,检验科,血常规,尿常规,,,,,,,,前台,签到,增项
[2015-10-16 15:06:21.760] [INFO] dateFileLog - m_sys_list=>>>>>>global.sys_list_sys: error ,体检系统
[2015-10-16 15:06:21.761] [INFO] dateFileLog - m_sys_list=>>>>>>global.sys_list_dep: error undefined
[2015-10-16 15:10:12.955] [INFO] dateFileLog - m_sys_list=>>>>>>global.sys_list: error ,,,,,,,,,,,,,,,,,,,,,,,,,,,,,,,,,,,,,,,,,,,,,,,,,,,,,,,,,,,,,,,,,,,,,,,,,,,,,,,,,,,,,,,,,,,,,,,,,,,,体检系统,,,,,,,,,,检验科,血常规,尿常规,,,,,,,,前台,签到,增项
[2015-10-16 15:10:12.956] [INFO] dateFileLog - m_sys_list=>>>>>>global.sys_list_sys: error ,体检系统
[2015-10-16 15:10:12.958] [INFO] dateFileLog - m_sys_list=>>>>>>global.sys_list_dep: error undefined
[2015-10-16 15:11:55.707] [INFO] dateFileLog - m_sys_list=>>>>>>global.sys_list: error ,,,,,,,,,,,,,,,,,,,,,,,,,,,,,,,,,,,,,,,,,,,,,,,,,,,,,,,,,,,,,,,,,,,,,,,,,,,,,,,,,,,,,,,,,,,,,,,,,,,,体检系统,,,,,,,,,,检验科,血常规,尿常规,,,,,,,,前台,签到,增项
[2015-10-16 15:11:55.708] [INFO] dateFileLog - m_sys_list=>>>>>>global.sys_list_sys: error ,体检系统
[2015-10-16 15:11:55.709] [INFO] dateFileLog - m_sys_list=>>>>>>global.sys_list_dep: error 
[2015-10-16 15:12:40.002] [INFO] dateFileLog - m_sys_list=>>>>>>global.sys_list: error ,,,,,,,,,,,,,,,,,,,,,,,,,,,,,,,,,,,,,,,,,,,,,,,,,,,,,,,,,,,,,,,,,,,,,,,,,,,,,,,,,,,,,,,,,,,,,,,,,,,,体检系统,,,,,,,,,,检验科,血常规,尿常规,,,,,,,,前台,签到,增项
[2015-10-16 15:12:40.003] [INFO] dateFileLog - m_sys_list=>>>>>>global.sys_list_sys: error ,体检系统
[2015-10-16 15:16:15.263] [INFO] dateFileLog - m_sys_list=>>>>>>global.sys_list_dep: error 
[2015-10-16 15:16:23.798] [INFO] dateFileLog - m_sys_list=>>>>>>global.sys_list: error ,,,,,,,,,,,,,,,,,,,,,,,,,,,,,,,,,,,,,,,,,,,,,,,,,,,,,,,,,,,,,,,,,,,,,,,,,,,,,,,,,,,,,,,,,,,,,,,,,,,,体检系统,,,,,,,,,,检验科,血常规,尿常规,,,,,,,,前台,签到,增项
[2015-10-16 15:16:23.800] [INFO] dateFileLog - m_sys_list=>>>>>>global.sys_list_sys: error ,体检系统
[2015-10-16 15:17:50.487] [INFO] dateFileLog - m_sys_list=>>>>>>global.sys_list_dep: error 
[2015-10-16 15:17:51.212] [INFO] dateFileLog - m_sys_list=>>>>>>global.sys_list: error ,,,,,,,,,,,,,,,,,,,,,,,,,,,,,,,,,,,,,,,,,,,,,,,,,,,,,,,,,,,,,,,,,,,,,,,,,,,,,,,,,,,,,,,,,,,,,,,,,,,,体检系统,,,,,,,,,,检验科,血常规,尿常规,,,,,,,,前台,签到,增项
[2015-10-16 15:17:51.213] [INFO] dateFileLog - m_sys_list=>>>>>>global.sys_list_sys: error ,体检系统
[2015-10-16 15:17:51.215] [INFO] dateFileLog - m_sys_list=>>>>>>global.sys_list_dep: error 
[2015-10-16 15:20:18.469] [INFO] dateFileLog - m_sys_list=>>>>>>global.sys_list: error ,,,,,,,,,,,,,,,,,,,,,,,,,,,,,,,,,,,,,,,,,,,,,,,,,,,,,,,,,,,,,,,,,,,,,,,,,,,,,,,,,,,,,,,,,,,,,,,,,,,,体检系统,,,,,,,,,,检验科,血常规,尿常规,,,,,,,,前台,签到,增项
[2015-10-16 15:20:18.470] [INFO] dateFileLog - m_sys_list=>>>>>>global.sys_list_sys: error ,体检系统
[2015-10-16 15:20:18.472] [INFO] dateFileLog - m_sys_list=>>>>>>global.sys_list_dep: error 
[2015-10-16 15:21:20.780] [INFO] dateFileLog - m_sys_list=>>>>>>global.sys_list: error ,,,,,,,,,,,,,,,,,,,,,,,,,,,,,,,,,,,,,,,,,,,,,,,,,,,,,,,,,,,,,,,,,,,,,,,,,,,,,,,,,,,,,,,,,,,,,,,,,,,,体检系统,,,,,,,,,,检验科,血常规,尿常规,,,,,,,,前台,签到,增项
[2015-10-16 15:21:20.781] [INFO] dateFileLog - m_sys_list=>>>>>>global.sys_list_sys: error ,体检系统
[2015-10-16 15:21:20.782] [INFO] dateFileLog - m_sys_list=>>>>>>global.sys_list_dep: error 前台
[2015-10-16 15:21:54.684] [INFO] dateFileLog - m_sys_list=>>>>>>global.sys_list: error ,,,,,,,,,,,,,,,,,,,,,,,,,,,,,,,,,,,,,,,,,,,,,,,,,,,,,,,,,,,,,,,,,,,,,,,,,,,,,,,,,,,,,,,,,,,,,,,,,,,,体检系统,,,,,,,,,,检验科,血常规,尿常规,,,,,,,,前台,签到,增项
[2015-10-16 15:21:54.686] [INFO] dateFileLog - m_sys_list=>>>>>>global.sys_list_sys: error ,体检系统
[2015-10-16 15:21:54.687] [INFO] dateFileLog - m_sys_list=>>>>>>global.sys_list_dep: error ,前台
[2015-10-16 15:22:59.909] [INFO] dateFileLog - m_sys_list=>>>>>>global.sys_list: error ,,,,,,,,,,,,,,,,,,,,,,,,,,,,,,,,,,,,,,,,,,,,,,,,,,,,,,,,,,,,,,,,,,,,,,,,,,,,,,,,,,,,,,,,,,,,,,,,,,,,体检系统,,,,,,,,,,检验科,血常规,尿常规,,,,,,,,前台,签到,增项
[2015-10-16 15:22:59.910] [INFO] dateFileLog - m_sys_list=>>>>>>global.sys_list_sys: error ,体检系统
[2015-10-16 15:22:59.911] [INFO] dateFileLog - m_sys_list=>>>>>>global.sys_list_dep: error ,,,,,,,,,,,检验科,前台
[2015-10-16 15:25:47.274] [INFO] dateFileLog - m_sys_list=>>>>>>global.sys_list: error ,,,,,,,,,,,,,,,,,,,,,,,,,,,,,,,,,,,,,,,,,,,,,,,,,,,,,,,,,,,,,,,,,,,,,,,,,,,,,,,,,,,,,,,,,,,,,,,,,,,,体检系统,,,,,,,,,,检验科,血常规,尿常规,,,,,,,,前台,签到,增项
[2015-10-16 15:25:47.275] [INFO] dateFileLog - m_sys_list=>>>>>>global.sys_list_sys: error ,体检系统
[2015-10-16 15:25:47.276] [INFO] dateFileLog - m_sys_list=>>>>>>global.sys_list_dep: error ,,,,,,,,,,,检验科,前台
[2015-10-16 15:34:07.870] [INFO] dateFileLog - m_sys_list=>>>>>>global.sys_list: error ,,,,,,,,,,,,,,,,,,,,,,,,,,,,,,,,,,,,,,,,,,,,,,,,,,,,,,,,,,,,,,,,,,,,,,,,,,,,,,,,,,,,,,,,,,,,,,,,,,,,体检系统,,,,,,,,,,检验科,血常规,尿常规,,,,,,,,前台,签到,增项
[2015-10-16 15:34:07.872] [INFO] dateFileLog - m_sys_list=>>>>>>global.sys_list_sys: error ,体检系统
[2015-10-16 15:34:07.874] [INFO] dateFileLog - m_sys_list=>>>>>>global.sys_list_dep: error ,,,,,,,,,,,检验科,前台
[2015-10-16 15:38:13.914] [INFO] dateFileLog - m_sys_list=>>>>>>global.sys_list: error ,,,,,,,,,,,,,,,,,,,,,,,,,,,,,,,,,,,,,,,,,,,,,,,,,,,,,,,,,,,,,,,,,,,,,,,,,,,,,,,,,,,,,,,,,,,,,,,,,,,,体检系统,,,,,,,,,,检验科,血常规,尿常规,,,,,,,,前台,签到,增项
[2015-10-16 15:38:13.915] [INFO] dateFileLog - m_sys_list=>>>>>>global.sys_list_sys: error ,体检系统
[2015-10-16 15:38:13.917] [INFO] dateFileLog - m_sys_list=>>>>>>global.sys_list_dep: error ,,,,,,,,,,,检验科,前台
[2015-10-16 15:39:56.537] [INFO] dateFileLog - m_bug------->showBUG======>Error: ER_BAD_FIELD_ERROR: Unknown column 'bug_block' in 'field list'
[2015-10-16 15:40:53.361] [INFO] dateFileLog - m_sys_list=>>>>>>global.sys_list: error ,,,,,,,,,,,,,,,,,,,,,,,,,,,,,,,,,,,,,,,,,,,,,,,,,,,,,,,,,,,,,,,,,,,,,,,,,,,,,,,,,,,,,,,,,,,,,,,,,,,,体检系统,,,,,,,,,,检验科,血常规,尿常规,,,,,,,,前台,签到,增项
[2015-10-16 15:40:53.363] [INFO] dateFileLog - m_sys_list=>>>>>>global.sys_list_sys: error ,体检系统
[2015-10-16 15:40:53.364] [INFO] dateFileLog - m_sys_list=>>>>>>global.sys_list_dep: error ,,,,,,,,,,,检验科,前台
[2015-10-16 15:49:57.951] [INFO] dateFileLog - m_sys_list=>>>>>>global.sys_list: error ,,,,,,,,,,,,,,,,,,,,,,,,,,,,,,,,,,,,,,,,,,,,,,,,,,,,,,,,,,,,,,,,,,,,,,,,,,,,,,,,,,,,,,,,,,,,,,,,,,,,体检系统,,,,,,,,,,检验科,血常规,尿常规,,,,,,,,前台,签到,增项
[2015-10-16 15:49:57.953] [INFO] dateFileLog - m_sys_list=>>>>>>global.sys_list_sys: error ,体检系统
[2015-10-16 15:49:57.954] [INFO] dateFileLog - m_sys_list=>>>>>>global.sys_list_dep: error ,,,,,,,,,,,检验科,前台
[2015-10-16 15:51:05.271] [INFO] dateFileLog - m_sys_list=>>>>>>global.sys_list: error ,,,,,,,,,,,,,,,,,,,,,,,,,,,,,,,,,,,,,,,,,,,,,,,,,,,,,,,,,,,,,,,,,,,,,,,,,,,,,,,,,,,,,,,,,,,,,,,,,,,,体检系统,,,,,,,,,,检验科,血常规,尿常规,,,,,,,,前台,签到,增项
[2015-10-16 15:51:05.273] [INFO] dateFileLog - m_sys_list=>>>>>>global.sys_list_sys: error ,体检系统
[2015-10-16 15:51:05.279] [INFO] dateFileLog - m_sys_list=>>>>>>global.sys_list_deps: error ,,,,,,,,,,,检验科,前台
[2015-10-16 15:52:07.036] [INFO] dateFileLog - m_sys_list=>>>>>>global.sys_list: error ,,,,,,,,,,,,,,,,,,,,,,,,,,,,,,,,,,,,,,,,,,,,,,,,,,,,,,,,,,,,,,,,,,,,,,,,,,,,,,,,,,,,,,,,,,,,,,,,,,,,体检系统,,,,,,,,,,检验科,血常规,尿常规,,,,,,,,前台,签到,增项
[2015-10-16 15:52:07.037] [INFO] dateFileLog - m_sys_list=>>>>>>global.sys_list_sys: error ,体检系统
[2015-10-16 15:52:07.037] [INFO] dateFileLog - m_sys_list=>>>>>>global.sys_list_deps: error ,,,,,,,,,,,检验科,前台
[2015-10-16 15:56:22.275] [INFO] dateFileLog - m_sys_list=>>>>>>global.sys_list: error ,,,,,,,,,,,,,,,,,,,,,,,,,,,,,,,,,,,,,,,,,,,,,,,,,,,,,,,,,,,,,,,,,,,,,,,,,,,,,,,,,,,,,,,,,,,,,,,,,,,,体检系统,,,,,,,,,,检验科,血常规,尿常规,,,,,,,,前台,签到,增项
[2015-10-16 15:56:22.276] [INFO] dateFileLog - m_sys_list=>>>>>>global.sys_list_sys: error ,体检系统
[2015-10-16 15:56:22.277] [INFO] dateFileLog - m_sys_list=>>>>>>global.sys_list_deps: error ,,,,,,,,,,,检验科,前台
[2015-10-16 16:02:56.986] [INFO] dateFileLog - m_sys_list=>>>>>>global.sys_list: error ,,,,,,,,,,,,,,,,,,,,,,,,,,,,,,,,,,,,,,,,,,,,,,,,,,,,,,,,,,,,,,,,,,,,,,,,,,,,,,,,,,,,,,,,,,,,,,,,,,,,体检系统,,,,,,,,,,检验科,血常规,尿常规,,,,,,,,前台,签到,增项
[2015-10-16 16:02:56.987] [INFO] dateFileLog - m_sys_list=>>>>>>global.sys_list_sys: error ,体检系统
[2015-10-16 16:02:56.989] [INFO] dateFileLog - m_sys_list=>>>>>>global.sys_list_deps: error ,,,,,,,,,,,检验科,前台
[2015-10-16 16:04:31.844] [INFO] dateFileLog - m_sys_list=>>>>>>global.sys_list: error ,,,,,,,,,,,,,,,,,,,,,,,,,,,,,,,,,,,,,,,,,,,,,,,,,,,,,,,,,,,,,,,,,,,,,,,,,,,,,,,,,,,,,,,,,,,,,,,,,,,,体检系统,,,,,,,,,,检验科,血常规,尿常规,,,,,,,,前台,签到,增项
[2015-10-16 16:04:31.846] [INFO] dateFileLog - m_sys_list=>>>>>>global.sys_list_sys: error ,体检系统
[2015-10-16 16:04:31.847] [INFO] dateFileLog - m_sys_list=>>>>>>global.sys_list_deps: error ,,,,,,,,,,,检验科,前台
[2015-10-16 16:05:12.380] [INFO] dateFileLog - m_sys_list=>>>>>>global.sys_list: error ,,,,,,,,,,,,,,,,,,,,,,,,,,,,,,,,,,,,,,,,,,,,,,,,,,,,,,,,,,,,,,,,,,,,,,,,,,,,,,,,,,,,,,,,,,,,,,,,,,,,体检系统,,,,,,,,,,检验科,血常规,尿常规,,,,,,,,前台,签到,增项
[2015-10-16 16:05:12.381] [INFO] dateFileLog - m_sys_list=>>>>>>global.sys_list_sys: error ,体检系统
[2015-10-16 16:05:12.381] [INFO] dateFileLog - m_sys_list=>>>>>>global.sys_list_deps: error ,,,,,,,,,,,检验科,前台
[2015-10-16 16:06:34.506] [INFO] dateFileLog - m_sys_list=>>>>>>global.sys_list: error ,,,,,,,,,,,,,,,,,,,,,,,,,,,,,,,,,,,,,,,,,,,,,,,,,,,,,,,,,,,,,,,,,,,,,,,,,,,,,,,,,,,,,,,,,,,,,,,,,,,,体检系统,,,,,,,,,,检验科,血常规,尿常规,,,,,,,,前台,签到,增项
[2015-10-16 16:06:34.508] [INFO] dateFileLog - m_sys_list=>>>>>>global.sys_list_sys: error ,体检系统
[2015-10-16 16:06:34.509] [INFO] dateFileLog - m_sys_list=>>>>>>global.sys_list_deps: error ,,,,,,,,,,,检验科,前台
[2015-10-16 16:18:38.380] [INFO] dateFileLog - m_sys_list=>>>>>>global.sys_list: error ,,,,,,,,,,,,,,,,,,,,,,,,,,,,,,,,,,,,,,,,,,,,,,,,,,,,,,,,,,,,,,,,,,,,,,,,,,,,,,,,,,,,,,,,,,,,,,,,,,,,体检系统,,,,,,,,,,检验科,血常规,尿常规,,,,,,,,前台,签到,增项
[2015-10-16 16:18:38.382] [INFO] dateFileLog - m_sys_list=>>>>>>global.sys_list_sys: error ,体检系统
[2015-10-16 16:18:38.384] [INFO] dateFileLog - m_sys_list=>>>>>>global.sys_list_deps: error ,,,,,,,,,,,检验科,前台
[2015-10-16 16:20:18.499] [INFO] dateFileLog - m_sys_list=>>>>>>global.sys_list: error ,,,,,,,,,,,,,,,,,,,,,,,,,,,,,,,,,,,,,,,,,,,,,,,,,,,,,,,,,,,,,,,,,,,,,,,,,,,,,,,,,,,,,,,,,,,,,,,,,,,,体检系统,,,,,,,,,,检验科,血常规,尿常规,,,,,,,,前台,签到,增项
[2015-10-16 16:20:18.500] [INFO] dateFileLog - m_sys_list=>>>>>>global.sys_list_sys: error ,体检系统
[2015-10-16 16:20:18.501] [INFO] dateFileLog - m_sys_list=>>>>>>global.sys_list_deps: error ,,,,,,,,,,,检验科,前台
